{"meta": {"format": 3, "version": "7.8.0", "timestamp": "2025-05-20T11:37:52.769429", "branch_coverage": false, "show_contexts": false}, "files": {"ninja_mcp/__init__.py": {"executed_lines": [1, 3, 4, 6, 11, 13], "summary": {"covered_lines": 5, "num_statements": 7, "percent_covered": 71.42857142857143, "percent_covered_display": "71", "missing_lines": 2, "excluded_lines": 0}, "missing_lines": [7, 9], "excluded_lines": [], "functions": {"": {"executed_lines": [1, 3, 4, 6, 11, 13], "summary": {"covered_lines": 5, "num_statements": 7, "percent_covered": 71.42857142857143, "percent_covered_display": "71", "missing_lines": 2, "excluded_lines": 0}, "missing_lines": [7, 9], "excluded_lines": []}}, "classes": {"": {"executed_lines": [1, 3, 4, 6, 11, 13], "summary": {"covered_lines": 5, "num_statements": 7, "percent_covered": 71.42857142857143, "percent_covered_display": "71", "missing_lines": 2, "excluded_lines": 0}, "missing_lines": [7, 9], "excluded_lines": []}}}, "ninja_mcp/openapi/__init__.py": {"executed_lines": [0], "summary": {"covered_lines": 0, "num_statements": 0, "percent_covered": 100.0, "percent_covered_display": "100", "missing_lines": 0, "excluded_lines": 0}, "missing_lines": [], "excluded_lines": [], "functions": {"": {"executed_lines": [], "summary": {"covered_lines": 0, "num_statements": 0, "percent_covered": 100.0, "percent_covered_display": "100", "missing_lines": 0, "excluded_lines": 0}, "missing_lines": [], "excluded_lines": []}}, "classes": {"": {"executed_lines": [], "summary": {"covered_lines": 0, "num_statements": 0, "percent_covered": 100.0, "percent_covered_display": "100", "missing_lines": 0, "excluded_lines": 0}, "missing_lines": [], "excluded_lines": []}}}, "ninja_mcp/openapi/convert.py": {"executed_lines": [1, 2, 3, 4, 5, 7, 9, 16, 19, 20, 21, 22, 23, 24, 27, 28, 29, 30, 31, 32, 35, 57, 59, 60, 63, 64, 66, 71, 72, 77, 84, 85, 88, 89, 90, 93, 94, 95, 98, 99, 100, 101, 106, 107, 114, 115, 116, 119, 123, 124, 125, 126, 127, 130, 133, 136, 142, 146, 152, 153, 154, 155, 156, 159, 179, 182, 183, 184, 185, 187, 188, 189, 190, 192, 193, 194, 195, 200, 201, 202, 203, 204, 205, 206, 207, 208, 220, 221, 224, 225, 226, 227, 229, 235, 236, 239, 240, 241, 242, 244, 249, 250, 252, 256, 257, 258, 260, 264, 265, 267, 268, 271, 273, 274, 277, 279, 281], "summary": {"covered_lines": 117, "num_statements": 150, "percent_covered": 78.0, "percent_covered_display": "78", "missing_lines": 33, "excluded_lines": 0}, "missing_lines": [67, 68, 73, 74, 102, 103, 109, 110, 111, 120, 137, 138, 139, 140, 143, 147, 148, 149, 161, 162, 164, 168, 169, 170, 171, 172, 173, 175, 176, 177, 196, 197, 253], "excluded_lines": [], "functions": {"convert_openapi_to_mcp_tools": {"executed_lines": [57, 59, 60, 63, 64, 66, 71, 72, 77, 84, 85, 88, 89, 90, 93, 94, 95, 98, 99, 100, 101, 106, 107, 114, 115, 116, 119, 123, 124, 125, 126, 127, 130, 133, 136, 142, 146, 152, 153, 154, 155, 156, 159, 179, 182, 183, 184, 185, 187, 188, 189, 190, 192, 193, 194, 195, 200, 201, 202, 203, 204, 205, 206, 207, 208, 220, 221, 224, 225, 226, 227, 229, 235, 236, 239, 240, 241, 242, 244, 249, 250, 252, 256, 257, 258, 260, 264, 265, 267, 268, 271, 273, 274, 277, 279, 281], "summary": {"covered_lines": 96, "num_statements": 129, "percent_covered": 74.4186046511628, "percent_covered_display": "74", "missing_lines": 33, "excluded_lines": 0}, "missing_lines": [67, 68, 73, 74, 102, 103, 109, 110, 111, 120, 137, 138, 139, 140, 143, 147, 148, 149, 161, 162, 164, 168, 169, 170, 171, 172, 173, 175, 176, 177, 196, 197, 253], "excluded_lines": []}, "": {"executed_lines": [1, 2, 3, 4, 5, 7, 9, 16, 19, 20, 21, 22, 23, 24, 27, 28, 29, 30, 31, 32, 35], "summary": {"covered_lines": 21, "num_statements": 21, "percent_covered": 100.0, "percent_covered_display": "100", "missing_lines": 0, "excluded_lines": 0}, "missing_lines": [], "excluded_lines": []}}, "classes": {"HttpMethod": {"executed_lines": [], "summary": {"covered_lines": 0, "num_statements": 0, "percent_covered": 100.0, "percent_covered_display": "100", "missing_lines": 0, "excluded_lines": 0}, "missing_lines": [], "excluded_lines": []}, "Operation": {"executed_lines": [], "summary": {"covered_lines": 0, "num_statements": 0, "percent_covered": 100.0, "percent_covered_display": "100", "missing_lines": 0, "excluded_lines": 0}, "missing_lines": [], "excluded_lines": []}, "": {"executed_lines": [1, 2, 3, 4, 5, 7, 9, 16, 19, 20, 21, 22, 23, 24, 27, 28, 29, 30, 31, 32, 35, 57, 59, 60, 63, 64, 66, 71, 72, 77, 84, 85, 88, 89, 90, 93, 94, 95, 98, 99, 100, 101, 106, 107, 114, 115, 116, 119, 123, 124, 125, 126, 127, 130, 133, 136, 142, 146, 152, 153, 154, 155, 156, 159, 179, 182, 183, 184, 185, 187, 188, 189, 190, 192, 193, 194, 195, 200, 201, 202, 203, 204, 205, 206, 207, 208, 220, 221, 224, 225, 226, 227, 229, 235, 236, 239, 240, 241, 242, 244, 249, 250, 252, 256, 257, 258, 260, 264, 265, 267, 268, 271, 273, 274, 277, 279, 281], "summary": {"covered_lines": 117, "num_statements": 150, "percent_covered": 78.0, "percent_covered_display": "78", "missing_lines": 33, "excluded_lines": 0}, "missing_lines": [67, 68, 73, 74, 102, 103, 109, 110, 111, 120, 137, 138, 139, 140, 143, 147, 148, 149, 161, 162, 164, 168, 169, 170, 171, 172, 173, 175, 176, 177, 196, 197, 253], "excluded_lines": []}}}, "ninja_mcp/openapi/utils.py": {"executed_lines": [1, 4, 6, 7, 8, 9, 10, 11, 13, 16, 31, 34, 35, 37, 38, 39, 40, 42, 44, 45, 48, 49, 50, 51, 53, 57, 60, 74, 77, 88, 89, 90, 93, 94, 95, 96, 99, 100, 101, 103, 106, 119, 123, 125, 126, 127, 128, 130, 131, 132, 133, 135, 136, 138, 139, 140, 143, 145, 146, 148, 150, 152, 155, 157, 158, 160, 161, 163, 166, 170], "summary": {"covered_lines": 70, "num_statements": 79, "percent_covered": 88.60759493670886, "percent_covered_display": "89", "missing_lines": 9, "excluded_lines": 0}, "missing_lines": [12, 120, 141, 147, 149, 151, 153, 164, 167], "excluded_lines": [], "functions": {"get_single_param_type_from_schema": {"executed_lines": [6, 7, 8, 9, 10, 11, 13], "summary": {"covered_lines": 7, "num_statements": 8, "percent_covered": 87.5, "percent_covered_display": "88", "missing_lines": 1, "excluded_lines": 0}, "missing_lines": [12], "excluded_lines": []}, "resolve_schema_references": {"executed_lines": [31, 34, 35, 37, 38, 39, 40, 42, 44, 45, 48, 49, 50, 51, 53, 57], "summary": {"covered_lines": 16, "num_statements": 16, "percent_covered": 100.0, "percent_covered_display": "100", "missing_lines": 0, "excluded_lines": 0}, "missing_lines": [], "excluded_lines": []}, "clean_schema_for_display": {"executed_lines": [74, 77, 88, 89, 90, 93, 94, 95, 96, 99, 100, 101, 103], "summary": {"covered_lines": 13, "num_statements": 13, "percent_covered": 100.0, "percent_covered_display": "100", "missing_lines": 0, "excluded_lines": 0}, "missing_lines": [], "excluded_lines": []}, "generate_example_from_schema": {"executed_lines": [119, 123, 125, 126, 127, 128, 130, 131, 132, 133, 135, 136, 138, 139, 140, 143, 145, 146, 148, 150, 152, 155, 157, 158, 160, 161, 163, 166, 170], "summary": {"covered_lines": 29, "num_statements": 37, "percent_covered": 78.37837837837837, "percent_covered_display": "78", "missing_lines": 8, "excluded_lines": 0}, "missing_lines": [120, 141, 147, 149, 151, 153, 164, 167], "excluded_lines": []}, "": {"executed_lines": [1, 4, 16, 60, 106], "summary": {"covered_lines": 5, "num_statements": 5, "percent_covered": 100.0, "percent_covered_display": "100", "missing_lines": 0, "excluded_lines": 0}, "missing_lines": [], "excluded_lines": []}}, "classes": {"": {"executed_lines": [1, 4, 6, 7, 8, 9, 10, 11, 13, 16, 31, 34, 35, 37, 38, 39, 40, 42, 44, 45, 48, 49, 50, 51, 53, 57, 60, 74, 77, 88, 89, 90, 93, 94, 95, 96, 99, 100, 101, 103, 106, 119, 123, 125, 126, 127, 128, 130, 131, 132, 133, 135, 136, 138, 139, 140, 143, 145, 146, 148, 150, 152, 155, 157, 158, 160, 161, 163, 166, 170], "summary": {"covered_lines": 70, "num_statements": 79, "percent_covered": 88.60759493670886, "percent_covered_display": "89", "missing_lines": 9, "excluded_lines": 0}, "missing_lines": [12, 120, 141, 147, 149, 151, 153, 164, 167], "excluded_lines": []}}}, "ninja_mcp/server.py": {"executed_lines": [1, 35, 36, 37, 38, 39, 47, 49, 50, 51, 52, 53, 54, 55, 56, 57, 59, 60, 62, 65, 66, 67, 68, 71, 72, 73, 74, 75, 76, 79, 80, 111, 114, 117, 118, 119, 121, 122, 123, 124, 125, 126, 127, 128, 130, 132, 134, 137, 140, 146, 147, 150, 154, 157, 158, 159, 162, 163, 166, 168, 169, 172, 174, 189, 190, 191, 192, 194, 198, 201, 202, 204, 205, 208, 211, 215, 217, 219, 220, 229, 230, 233, 253, 254, 258, 259, 261, 262, 263, 264, 265, 266, 269, 270, 271, 272, 273, 274, 275, 281, 283, 284, 286, 287, 295, 296, 298, 300, 304, 312, 315, 317, 331, 337, 384, 438, 458, 459, 460, 464, 465, 467, 487, 489], "summary": {"covered_lines": 123, "num_statements": 181, "percent_covered": 67.95580110497238, "percent_covered_display": "68", "missing_lines": 58, "excluded_lines": 0}, "missing_lines": [112, 115, 151, 170, 195, 231, 255, 256, 267, 276, 277, 278, 279, 288, 289, 290, 292, 313, 339, 340, 341, 342, 343, 345, 346, 347, 349, 350, 351, 352, 353, 355, 357, 358, 359, 360, 361, 363, 364, 365, 366, 367, 368, 369, 371, 372, 374, 376, 377, 378, 382, 425, 426, 431, 432, 433, 434, 436], "excluded_lines": [], "functions": {"NinjaMCP.__init__": {"executed_lines": [111, 114, 117, 118, 119, 121, 122, 123, 124, 125, 126, 127, 128, 130, 132], "summary": {"covered_lines": 15, "num_statements": 17, "percent_covered": 88.23529411764706, "percent_covered_display": "88", "missing_lines": 2, "excluded_lines": 0}, "missing_lines": [112, 115], "excluded_lines": []}, "NinjaMCP.setup_server": {"executed_lines": [137, 140, 146, 147, 150, 154, 157, 158, 162, 163, 168, 169, 172], "summary": {"covered_lines": 13, "num_statements": 14, "percent_covered": 92.85714285714286, "percent_covered_display": "93", "missing_lines": 1, "excluded_lines": 0}, "missing_lines": [151], "excluded_lines": []}, "NinjaMCP.setup_server.handle_list_tools": {"executed_lines": [159], "summary": {"covered_lines": 1, "num_statements": 1, "percent_covered": 100.0, "percent_covered_display": "100", "missing_lines": 0, "excluded_lines": 0}, "missing_lines": [], "excluded_lines": []}, "NinjaMCP.setup_server.handle_call_tool": {"executed_lines": [166], "summary": {"covered_lines": 1, "num_statements": 1, "percent_covered": 100.0, "percent_covered_display": "100", "missing_lines": 0, "excluded_lines": 0}, "missing_lines": [], "excluded_lines": []}, "NinjaMCP.setup_server.handle_list_prompts": {"executed_lines": [], "summary": {"covered_lines": 0, "num_statements": 1, "percent_covered": 0.0, "percent_covered_display": "0", "missing_lines": 1, "excluded_lines": 0}, "missing_lines": [170], "excluded_lines": []}, "NinjaMCP.mount": {"executed_lines": [189, 190, 191, 192, 194, 198, 201, 202, 208, 211, 217], "summary": {"covered_lines": 11, "num_statements": 12, "percent_covered": 91.66666666666667, "percent_covered_display": "92", "missing_lines": 1, "excluded_lines": 0}, "missing_lines": [195], "excluded_lines": []}, "NinjaMCP.mount.handle_mcp_connection": {"executed_lines": [204, 205], "summary": {"covered_lines": 2, "num_statements": 2, "percent_covered": 100.0, "percent_covered_display": "100", "missing_lines": 0, "excluded_lines": 0}, "missing_lines": [], "excluded_lines": []}, "NinjaMCP.mount.handle_post_message": {"executed_lines": [215], "summary": {"covered_lines": 1, "num_statements": 1, "percent_covered": 100.0, "percent_covered_display": "100", "missing_lines": 0, "excluded_lines": 0}, "missing_lines": [], "excluded_lines": []}, "NinjaMCP.router": {"executed_lines": [229, 230], "summary": {"covered_lines": 2, "num_statements": 3, "percent_covered": 66.66666666666667, "percent_covered_display": "67", "missing_lines": 1, "excluded_lines": 0}, "missing_lines": [231], "excluded_lines": []}, "NinjaMCP._execute_api_tool": {"executed_lines": [253, 254, 258, 259, 261, 262, 263, 264, 265, 266, 269, 270, 271, 272, 273, 274, 275, 281, 283, 284, 286, 287, 295, 296, 298], "summary": {"covered_lines": 25, "num_statements": 36, "percent_covered": 69.44444444444444, "percent_covered_display": "69", "missing_lines": 11, "excluded_lines": 0}, "missing_lines": [255, 256, 267, 276, 277, 278, 279, 288, 289, 290, 292], "excluded_lines": []}, "NinjaMCP._request": {"executed_lines": [304, 312, 315], "summary": {"covered_lines": 3, "num_statements": 4, "percent_covered": 75.0, "percent_covered_display": "75", "missing_lines": 1, "excluded_lines": 0}, "missing_lines": [313], "excluded_lines": []}, "NinjaMCP._filter_tools": {"executed_lines": [331, 337], "summary": {"covered_lines": 2, "num_statements": 35, "percent_covered": 5.714285714285714, "percent_covered_display": "6", "missing_lines": 33, "excluded_lines": 0}, "missing_lines": [339, 340, 341, 342, 343, 345, 346, 347, 349, 350, 351, 352, 353, 355, 357, 358, 359, 360, 361, 363, 364, 365, 366, 367, 368, 369, 371, 372, 374, 376, 377, 378, 382], "excluded_lines": []}, "NinjaMCP.prompt": {"executed_lines": [], "summary": {"covered_lines": 0, "num_statements": 4, "percent_covered": 0.0, "percent_covered_display": "0", "missing_lines": 4, "excluded_lines": 0}, "missing_lines": [425, 426, 431, 436], "excluded_lines": []}, "NinjaMCP.prompt.decorator": {"executed_lines": [], "summary": {"covered_lines": 0, "num_statements": 3, "percent_covered": 0.0, "percent_covered_display": "0", "missing_lines": 3, "excluded_lines": 0}, "missing_lines": [432, 433, 434], "excluded_lines": []}, "NinjaMCP._event_source": {"executed_lines": [458, 489], "summary": {"covered_lines": 2, "num_statements": 2, "percent_covered": 100.0, "percent_covered_display": "100", "missing_lines": 0, "excluded_lines": 0}, "missing_lines": [], "excluded_lines": []}, "NinjaMCP._event_source.decorator": {"executed_lines": [459, 467, 487], "summary": {"covered_lines": 3, "num_statements": 3, "percent_covered": 100.0, "percent_covered_display": "100", "missing_lines": 0, "excluded_lines": 0}, "missing_lines": [], "excluded_lines": []}, "NinjaMCP._event_source.decorator.wrapped_view": {"executed_lines": [460, 464, 465], "summary": {"covered_lines": 3, "num_statements": 3, "percent_covered": 100.0, "percent_covered_display": "100", "missing_lines": 0, "excluded_lines": 0}, "missing_lines": [], "excluded_lines": []}, "": {"executed_lines": [1, 35, 36, 37, 38, 39, 47, 49, 50, 51, 52, 53, 54, 55, 56, 57, 59, 60, 62, 65, 66, 67, 68, 71, 72, 73, 74, 75, 76, 79, 80, 134, 174, 219, 220, 233, 300, 317, 384, 438], "summary": {"covered_lines": 39, "num_statements": 39, "percent_covered": 100.0, "percent_covered_display": "100", "missing_lines": 0, "excluded_lines": 0}, "missing_lines": [], "excluded_lines": []}}, "classes": {"Parameter": {"executed_lines": [], "summary": {"covered_lines": 0, "num_statements": 0, "percent_covered": 100.0, "percent_covered_display": "100", "missing_lines": 0, "excluded_lines": 0}, "missing_lines": [], "excluded_lines": []}, "ProcessedParameters": {"executed_lines": [], "summary": {"covered_lines": 0, "num_statements": 0, "percent_covered": 100.0, "percent_covered_display": "100", "missing_lines": 0, "excluded_lines": 0}, "missing_lines": [], "excluded_lines": []}, "NinjaMCP": {"executed_lines": [111, 114, 117, 118, 119, 121, 122, 123, 124, 125, 126, 127, 128, 130, 132, 137, 140, 146, 147, 150, 154, 157, 158, 159, 162, 163, 166, 168, 169, 172, 189, 190, 191, 192, 194, 198, 201, 202, 204, 205, 208, 211, 215, 217, 229, 230, 253, 254, 258, 259, 261, 262, 263, 264, 265, 266, 269, 270, 271, 272, 273, 274, 275, 281, 283, 284, 286, 287, 295, 296, 298, 304, 312, 315, 331, 337, 458, 459, 460, 464, 465, 467, 487, 489], "summary": {"covered_lines": 84, "num_statements": 142, "percent_covered": 59.15492957746479, "percent_covered_display": "59", "missing_lines": 58, "excluded_lines": 0}, "missing_lines": [112, 115, 151, 170, 195, 231, 255, 256, 267, 276, 277, 278, 279, 288, 289, 290, 292, 313, 339, 340, 341, 342, 343, 345, 346, 347, 349, 350, 351, 352, 353, 355, 357, 358, 359, 360, 361, 363, 364, 365, 366, 367, 368, 369, 371, 372, 374, 376, 377, 378, 382, 425, 426, 431, 432, 433, 434, 436], "excluded_lines": []}, "": {"executed_lines": [1, 35, 36, 37, 38, 39, 47, 49, 50, 51, 52, 53, 54, 55, 56, 57, 59, 60, 62, 65, 66, 67, 68, 71, 72, 73, 74, 75, 76, 79, 80, 134, 174, 219, 220, 233, 300, 317, 384, 438], "summary": {"covered_lines": 39, "num_statements": 39, "percent_covered": 100.0, "percent_covered_display": "100", "missing_lines": 0, "excluded_lines": 0}, "missing_lines": [], "excluded_lines": []}}}, "ninja_mcp/testing.py": {"executed_lines": [1, 2, 3, 4, 5, 7, 8, 9, 10, 13, 24, 25, 27, 28, 29, 30, 31, 32, 33, 34, 35, 37, 38, 39, 40, 41, 42, 44, 45, 47, 49, 51, 54, 56, 57, 58, 62, 65, 66, 67, 68, 69, 73, 74, 76, 78, 79, 80, 83, 84, 86, 87, 88, 89, 90, 91, 93, 94, 96, 97, 99, 100, 105, 108, 112, 113, 114, 117, 118, 119], "summary": {"covered_lines": 70, "num_statements": 85, "percent_covered": 82.3529411764706, "percent_covered_display": "82", "missing_lines": 15, "excluded_lines": 0}, "missing_lines": [14, 16, 17, 19, 52, 59, 60, 63, 70, 71, 101, 102, 103, 106, 109], "excluded_lines": [], "functions": {"build_absolute_uri": {"executed_lines": [], "summary": {"covered_lines": 0, "num_statements": 4, "percent_covered": 0.0, "percent_covered_display": "0", "missing_lines": 4, "excluded_lines": 0}, "missing_lines": [14, 16, 17, 19], "excluded_lines": []}, "NinjaMCPClientBase._build_request": {"executed_lines": [28, 29, 30, 31, 32, 33, 34, 35, 37, 38, 39, 40, 41, 42, 44, 45, 47, 49, 51, 54, 56, 57, 58, 62, 65, 66, 67, 68, 69, 73, 74, 76, 78, 79, 80], "summary": {"covered_lines": 35, "num_statements": 41, "percent_covered": 85.36585365853658, "percent_covered_display": "85", "missing_lines": 6, "excluded_lines": 0}, "missing_lines": [52, 59, 60, 63, 70, 71], "excluded_lines": []}, "NinjaResponse.__init__": {"executed_lines": [87, 88, 89, 90, 91, 93, 94], "summary": {"covered_lines": 7, "num_statements": 7, "percent_covered": 100.0, "percent_covered_display": "100", "missing_lines": 0, "excluded_lines": 0}, "missing_lines": [], "excluded_lines": []}, "NinjaResponse.json": {"executed_lines": [97], "summary": {"covered_lines": 1, "num_statements": 1, "percent_covered": 100.0, "percent_covered_display": "100", "missing_lines": 0, "excluded_lines": 0}, "missing_lines": [], "excluded_lines": []}, "NinjaResponse.data": {"executed_lines": [], "summary": {"covered_lines": 0, "num_statements": 3, "percent_covered": 0.0, "percent_covered_display": "0", "missing_lines": 3, "excluded_lines": 0}, "missing_lines": [101, 102, 103], "excluded_lines": []}, "NinjaResponse.__getitem__": {"executed_lines": [], "summary": {"covered_lines": 0, "num_statements": 1, "percent_covered": 0.0, "percent_covered_display": "0", "missing_lines": 1, "excluded_lines": 0}, "missing_lines": [106], "excluded_lines": []}, "NinjaResponse.__getattr__": {"executed_lines": [], "summary": {"covered_lines": 0, "num_statements": 1, "percent_covered": 0.0, "percent_covered_display": "0", "missing_lines": 1, "excluded_lines": 0}, "missing_lines": [109], "excluded_lines": []}, "TestAsyncClient._call": {"executed_lines": [114], "summary": {"covered_lines": 1, "num_statements": 1, "percent_covered": 100.0, "percent_covered_display": "100", "missing_lines": 0, "excluded_lines": 0}, "missing_lines": [], "excluded_lines": []}, "TestClient._call": {"executed_lines": [119], "summary": {"covered_lines": 1, "num_statements": 1, "percent_covered": 100.0, "percent_covered_display": "100", "missing_lines": 0, "excluded_lines": 0}, "missing_lines": [], "excluded_lines": []}, "": {"executed_lines": [1, 2, 3, 4, 5, 7, 8, 9, 10, 13, 24, 25, 27, 83, 84, 86, 96, 99, 100, 105, 108, 112, 113, 117, 118], "summary": {"covered_lines": 25, "num_statements": 25, "percent_covered": 100.0, "percent_covered_display": "100", "missing_lines": 0, "excluded_lines": 0}, "missing_lines": [], "excluded_lines": []}}, "classes": {"NinjaMCPClientBase": {"executed_lines": [28, 29, 30, 31, 32, 33, 34, 35, 37, 38, 39, 40, 41, 42, 44, 45, 47, 49, 51, 54, 56, 57, 58, 62, 65, 66, 67, 68, 69, 73, 74, 76, 78, 79, 80], "summary": {"covered_lines": 35, "num_statements": 41, "percent_covered": 85.36585365853658, "percent_covered_display": "85", "missing_lines": 6, "excluded_lines": 0}, "missing_lines": [52, 59, 60, 63, 70, 71], "excluded_lines": []}, "NinjaResponse": {"executed_lines": [87, 88, 89, 90, 91, 93, 94, 97], "summary": {"covered_lines": 8, "num_statements": 13, "percent_covered": 61.53846153846154, "percent_covered_display": "62", "missing_lines": 5, "excluded_lines": 0}, "missing_lines": [101, 102, 103, 106, 109], "excluded_lines": []}, "TestAsyncClient": {"executed_lines": [114], "summary": {"covered_lines": 1, "num_statements": 1, "percent_covered": 100.0, "percent_covered_display": "100", "missing_lines": 0, "excluded_lines": 0}, "missing_lines": [], "excluded_lines": []}, "TestClient": {"executed_lines": [119], "summary": {"covered_lines": 1, "num_statements": 1, "percent_covered": 100.0, "percent_covered_display": "100", "missing_lines": 0, "excluded_lines": 0}, "missing_lines": [], "excluded_lines": []}, "": {"executed_lines": [1, 2, 3, 4, 5, 7, 8, 9, 10, 13, 24, 25, 27, 83, 84, 86, 96, 99, 100, 105, 108, 112, 113, 117, 118], "summary": {"covered_lines": 25, "num_statements": 29, "percent_covered": 86.20689655172414, "percent_covered_display": "86", "missing_lines": 4, "excluded_lines": 0}, "missing_lines": [14, 16, 17, 19], "excluded_lines": []}}}, "ninja_mcp/transport/__init__.py": {"executed_lines": [0], "summary": {"covered_lines": 0, "num_statements": 0, "percent_covered": 100.0, "percent_covered_display": "100", "missing_lines": 0, "excluded_lines": 0}, "missing_lines": [], "excluded_lines": [], "functions": {"": {"executed_lines": [], "summary": {"covered_lines": 0, "num_statements": 0, "percent_covered": 100.0, "percent_covered_display": "100", "missing_lines": 0, "excluded_lines": 0}, "missing_lines": [], "excluded_lines": []}}, "classes": {"": {"executed_lines": [], "summary": {"covered_lines": 0, "num_statements": 0, "percent_covered": 100.0, "percent_covered_display": "100", "missing_lines": 0, "excluded_lines": 0}, "missing_lines": [], "excluded_lines": []}}}, "ninja_mcp/transport/sse.py": {"executed_lines": [1, 26, 27, 28, 30, 31, 32, 33, 34, 36, 39, 40, 50, 51, 52, 54, 65, 66, 67, 68, 69, 70, 72, 88, 91, 92, 95, 96, 99, 102, 105, 106, 107, 109, 117, 121, 122, 123, 126, 127, 128, 131, 135, 136, 139, 141, 143, 161, 162, 166, 169], "summary": {"covered_lines": 49, "num_statements": 59, "percent_covered": 83.05084745762711, "percent_covered_display": "83", "missing_lines": 10, "excluded_lines": 0}, "missing_lines": [110, 113, 114, 115, 116, 118, 132, 133, 163, 164], "excluded_lines": [], "functions": {"DjangoSseServerTransport.__init__": {"executed_lines": [65, 66, 67, 68, 69, 70], "summary": {"covered_lines": 6, "num_statements": 6, "percent_covered": 100.0, "percent_covered_display": "100", "missing_lines": 0, "excluded_lines": 0}, "missing_lines": [], "excluded_lines": []}, "DjangoSseServerTransport.connect_sse": {"executed_lines": [88, 91, 92, 95, 96, 99, 102, 105, 126, 139, 141], "summary": {"covered_lines": 11, "num_statements": 11, "percent_covered": 100.0, "percent_covered_display": "100", "missing_lines": 0, "excluded_lines": 0}, "missing_lines": [], "excluded_lines": []}, "DjangoSseServerTransport.connect_sse.sse_writer": {"executed_lines": [106, 107, 109, 117, 121, 122, 123], "summary": {"covered_lines": 7, "num_statements": 13, "percent_covered": 53.84615384615385, "percent_covered_display": "54", "missing_lines": 6, "excluded_lines": 0}, "missing_lines": [110, 113, 114, 115, 116, 118], "excluded_lines": []}, "DjangoSseServerTransport.connect_sse.run_mcp_server": {"executed_lines": [127, 128, 131, 135, 136], "summary": {"covered_lines": 5, "num_statements": 7, "percent_covered": 71.42857142857143, "percent_covered_display": "71", "missing_lines": 2, "excluded_lines": 0}, "missing_lines": [132, 133], "excluded_lines": []}, "DjangoSseServerTransport.handle_post_message": {"executed_lines": [161, 162, 166, 169], "summary": {"covered_lines": 4, "num_statements": 6, "percent_covered": 66.66666666666667, "percent_covered_display": "67", "missing_lines": 2, "excluded_lines": 0}, "missing_lines": [163, 164], "excluded_lines": []}, "": {"executed_lines": [1, 26, 27, 28, 30, 31, 32, 33, 34, 36, 39, 40, 50, 51, 52, 54, 72, 143], "summary": {"covered_lines": 16, "num_statements": 16, "percent_covered": 100.0, "percent_covered_display": "100", "missing_lines": 0, "excluded_lines": 0}, "missing_lines": [], "excluded_lines": []}}, "classes": {"DjangoSseServerTransport": {"executed_lines": [65, 66, 67, 68, 69, 70, 88, 91, 92, 95, 96, 99, 102, 105, 106, 107, 109, 117, 121, 122, 123, 126, 127, 128, 131, 135, 136, 139, 141, 161, 162, 166, 169], "summary": {"covered_lines": 33, "num_statements": 43, "percent_covered": 76.74418604651163, "percent_covered_display": "77", "missing_lines": 10, "excluded_lines": 0}, "missing_lines": [110, 113, 114, 115, 116, 118, 132, 133, 163, 164], "excluded_lines": []}, "": {"executed_lines": [1, 26, 27, 28, 30, 31, 32, 33, 34, 36, 39, 40, 50, 51, 52, 54, 72, 143], "summary": {"covered_lines": 16, "num_statements": 16, "percent_covered": 100.0, "percent_covered_display": "100", "missing_lines": 0, "excluded_lines": 0}, "missing_lines": [], "excluded_lines": []}}}, "tests/__init__.py": {"executed_lines": [0], "summary": {"covered_lines": 0, "num_statements": 0, "percent_covered": 100.0, "percent_covered_display": "100", "missing_lines": 0, "excluded_lines": 0}, "missing_lines": [], "excluded_lines": [], "functions": {"": {"executed_lines": [], "summary": {"covered_lines": 0, "num_statements": 0, "percent_covered": 100.0, "percent_covered_display": "100", "missing_lines": 0, "excluded_lines": 0}, "missing_lines": [], "excluded_lines": []}}, "classes": {"": {"executed_lines": [], "summary": {"covered_lines": 0, "num_statements": 0, "percent_covered": 100.0, "percent_covered_display": "100", "missing_lines": 0, "excluded_lines": 0}, "missing_lines": [], "excluded_lines": []}}}, "tests/conftest.py": {"executed_lines": [1, 2, 3, 5, 7, 8, 10, 11, 13, 14, 15, 16, 18, 21, 22], "summary": {"covered_lines": 15, "num_statements": 15, "percent_covered": 100.0, "percent_covered_display": "100", "missing_lines": 0, "excluded_lines": 0}, "missing_lines": [], "excluded_lines": [], "functions": {"pytest_generate_tests": {"executed_lines": [22], "summary": {"covered_lines": 1, "num_statements": 1, "percent_covered": 100.0, "percent_covered_display": "100", "missing_lines": 0, "excluded_lines": 0}, "missing_lines": [], "excluded_lines": []}, "": {"executed_lines": [1, 2, 3, 5, 7, 8, 10, 11, 13, 14, 15, 16, 18, 21], "summary": {"covered_lines": 14, "num_statements": 14, "percent_covered": 100.0, "percent_covered_display": "100", "missing_lines": 0, "excluded_lines": 0}, "missing_lines": [], "excluded_lines": []}}, "classes": {"": {"executed_lines": [1, 2, 3, 5, 7, 8, 10, 11, 13, 14, 15, 16, 18, 21, 22], "summary": {"covered_lines": 15, "num_statements": 15, "percent_covered": 100.0, "percent_covered_display": "100", "missing_lines": 0, "excluded_lines": 0}, "missing_lines": [], "excluded_lines": []}}}, "tests/demo_project/demo/__init__.py": {"executed_lines": [0], "summary": {"covered_lines": 0, "num_statements": 0, "percent_covered": 100.0, "percent_covered_display": "100", "missing_lines": 0, "excluded_lines": 0}, "missing_lines": [], "excluded_lines": [], "functions": {"": {"executed_lines": [], "summary": {"covered_lines": 0, "num_statements": 0, "percent_covered": 100.0, "percent_covered_display": "100", "missing_lines": 0, "excluded_lines": 0}, "missing_lines": [], "excluded_lines": []}}, "classes": {"": {"executed_lines": [], "summary": {"covered_lines": 0, "num_statements": 0, "percent_covered": 100.0, "percent_covered_display": "100", "missing_lines": 0, "excluded_lines": 0}, "missing_lines": [], "excluded_lines": []}}}, "tests/demo_project/demo/settings.py": {"executed_lines": [1, 3, 6, 9, 11, 14, 25, 35, 37, 53, 55, 57, 64, 66, 68, 70, 73], "summary": {"covered_lines": 17, "num_statements": 17, "percent_covered": 100.0, "percent_covered_display": "100", "missing_lines": 0, "excluded_lines": 0}, "missing_lines": [], "excluded_lines": [], "functions": {"": {"executed_lines": [1, 3, 6, 9, 11, 14, 25, 35, 37, 53, 55, 57, 64, 66, 68, 70, 73], "summary": {"covered_lines": 17, "num_statements": 17, "percent_covered": 100.0, "percent_covered_display": "100", "missing_lines": 0, "excluded_lines": 0}, "missing_lines": [], "excluded_lines": []}}, "classes": {"": {"executed_lines": [1, 3, 6, 9, 11, 14, 25, 35, 37, 53, 55, 57, 64, 66, 68, 70, 73], "summary": {"covered_lines": 17, "num_statements": 17, "percent_covered": 100.0, "percent_covered_display": "100", "missing_lines": 0, "excluded_lines": 0}, "missing_lines": [], "excluded_lines": []}}}, "tests/fixtures/__init__.py": {"executed_lines": [0], "summary": {"covered_lines": 0, "num_statements": 0, "percent_covered": 100.0, "percent_covered_display": "100", "missing_lines": 0, "excluded_lines": 0}, "missing_lines": [], "excluded_lines": [], "functions": {"": {"executed_lines": [], "summary": {"covered_lines": 0, "num_statements": 0, "percent_covered": 100.0, "percent_covered_display": "100", "missing_lines": 0, "excluded_lines": 0}, "missing_lines": [], "excluded_lines": []}}, "classes": {"": {"executed_lines": [], "summary": {"covered_lines": 0, "num_statements": 0, "percent_covered": 100.0, "percent_covered_display": "100", "missing_lines": 0, "excluded_lines": 0}, "missing_lines": [], "excluded_lines": []}}}, "tests/fixtures/live_server.py": {"executed_lines": [1, 3, 4, 5, 6, 7, 8, 9, 12, 20, 21, 30, 31, 32, 33, 35, 36, 37, 40, 41, 43, 48, 49, 50, 51, 53, 54, 55, 56, 58, 59, 60, 63, 64, 65, 66, 67], "summary": {"covered_lines": 36, "num_statements": 41, "percent_covered": 87.8048780487805, "percent_covered_display": "88", "missing_lines": 5, "excluded_lines": 0}, "missing_lines": [14, 15, 16, 17, 38], "excluded_lines": [], "functions": {"make_application": {"executed_lines": [], "summary": {"covered_lines": 0, "num_statements": 4, "percent_covered": 0.0, "percent_covered_display": "0", "missing_lines": 4, "excluded_lines": 0}, "missing_lines": [14, 15, 16, 17], "excluded_lines": []}, "ChannelsLiveServer.__init__": {"executed_lines": [36, 37, 40, 41, 43, 48, 49, 50, 51], "summary": {"covered_lines": 9, "num_statements": 10, "percent_covered": 90.0, "percent_covered_display": "90", "missing_lines": 1, "excluded_lines": 0}, "missing_lines": [38], "excluded_lines": []}, "ChannelsLiveServer.stop": {"executed_lines": [54, 55, 56], "summary": {"covered_lines": 3, "num_statements": 3, "percent_covered": 100.0, "percent_covered_display": "100", "missing_lines": 0, "excluded_lines": 0}, "missing_lines": [], "excluded_lines": []}, "ChannelsLiveServer.url": {"executed_lines": [60], "summary": {"covered_lines": 1, "num_statements": 1, "percent_covered": 100.0, "percent_covered_display": "100", "missing_lines": 0, "excluded_lines": 0}, "missing_lines": [], "excluded_lines": []}, "channels_live_server": {"executed_lines": [65, 66, 67], "summary": {"covered_lines": 3, "num_statements": 3, "percent_covered": 100.0, "percent_covered_display": "100", "missing_lines": 0, "excluded_lines": 0}, "missing_lines": [], "excluded_lines": []}, "": {"executed_lines": [1, 3, 4, 5, 6, 7, 8, 9, 12, 20, 21, 30, 31, 32, 33, 35, 53, 58, 59, 63, 64], "summary": {"covered_lines": 20, "num_statements": 20, "percent_covered": 100.0, "percent_covered_display": "100", "missing_lines": 0, "excluded_lines": 0}, "missing_lines": [], "excluded_lines": []}}, "classes": {"ChannelsLiveServer": {"executed_lines": [36, 37, 40, 41, 43, 48, 49, 50, 51, 54, 55, 56, 60], "summary": {"covered_lines": 13, "num_statements": 14, "percent_covered": 92.85714285714286, "percent_covered_display": "93", "missing_lines": 1, "excluded_lines": 0}, "missing_lines": [38], "excluded_lines": []}, "": {"executed_lines": [1, 3, 4, 5, 6, 7, 8, 9, 12, 20, 21, 30, 31, 32, 33, 35, 53, 58, 59, 63, 64, 65, 66, 67], "summary": {"covered_lines": 23, "num_statements": 27, "percent_covered": 85.18518518518519, "percent_covered_display": "85", "missing_lines": 4, "excluded_lines": 0}, "missing_lines": [14, 15, 16, 17], "excluded_lines": []}}}, "tests/fixtures/simple_app.py": {"executed_lines": [1, 2, 3, 5, 8, 9, 10, 16, 34, 35, 37, 39, 40, 42, 43, 44, 45, 47, 48, 53, 54, 56, 62, 68, 69, 71, 72, 77, 79, 80, 82, 84], "summary": {"covered_lines": 32, "num_statements": 32, "percent_covered": 100.0, "percent_covered_display": "100", "missing_lines": 0, "excluded_lines": 0}, "missing_lines": [], "excluded_lines": [], "functions": {"simple_ninja_app": {"executed_lines": [10, 16, 34, 35, 39, 40, 47, 48, 56, 62, 71, 72, 79, 80, 84], "summary": {"covered_lines": 15, "num_statements": 15, "percent_covered": 100.0, "percent_covered_display": "100", "missing_lines": 0, "excluded_lines": 0}, "missing_lines": [], "excluded_lines": []}, "simple_ninja_app.list_items": {"executed_lines": [37], "summary": {"covered_lines": 1, "num_statements": 1, "percent_covered": 100.0, "percent_covered_display": "100", "missing_lines": 0, "excluded_lines": 0}, "missing_lines": [], "excluded_lines": []}, "simple_ninja_app.read_item": {"executed_lines": [42, 43, 44, 45], "summary": {"covered_lines": 4, "num_statements": 4, "percent_covered": 100.0, "percent_covered_display": "100", "missing_lines": 0, "excluded_lines": 0}, "missing_lines": [], "excluded_lines": []}, "simple_ninja_app.create_item": {"executed_lines": [53, 54], "summary": {"covered_lines": 2, "num_statements": 2, "percent_covered": 100.0, "percent_covered_display": "100", "missing_lines": 0, "excluded_lines": 0}, "missing_lines": [], "excluded_lines": []}, "simple_ninja_app.update_item": {"executed_lines": [68, 69], "summary": {"covered_lines": 2, "num_statements": 2, "percent_covered": 100.0, "percent_covered_display": "100", "missing_lines": 0, "excluded_lines": 0}, "missing_lines": [], "excluded_lines": []}, "simple_ninja_app.delete_item": {"executed_lines": [77], "summary": {"covered_lines": 1, "num_statements": 1, "percent_covered": 100.0, "percent_covered_display": "100", "missing_lines": 0, "excluded_lines": 0}, "missing_lines": [], "excluded_lines": []}, "simple_ninja_app.raise_error": {"executed_lines": [82], "summary": {"covered_lines": 1, "num_statements": 1, "percent_covered": 100.0, "percent_covered_display": "100", "missing_lines": 0, "excluded_lines": 0}, "missing_lines": [], "excluded_lines": []}, "": {"executed_lines": [1, 2, 3, 5, 8, 9], "summary": {"covered_lines": 6, "num_statements": 6, "percent_covered": 100.0, "percent_covered_display": "100", "missing_lines": 0, "excluded_lines": 0}, "missing_lines": [], "excluded_lines": []}}, "classes": {"": {"executed_lines": [1, 2, 3, 5, 8, 9, 10, 16, 34, 35, 37, 39, 40, 42, 43, 44, 45, 47, 48, 53, 54, 56, 62, 68, 69, 71, 72, 77, 79, 80, 82, 84], "summary": {"covered_lines": 32, "num_statements": 32, "percent_covered": 100.0, "percent_covered_display": "100", "missing_lines": 0, "excluded_lines": 0}, "missing_lines": [], "excluded_lines": []}}}, "tests/fixtures/types.py": {"executed_lines": [1, 2, 3, 4, 6, 9, 10, 11, 12, 15, 16, 18, 19, 22, 23, 24, 25, 26, 27, 30, 31, 32, 33, 34, 35, 36, 39, 40, 41, 42, 43, 44, 47, 48, 49, 50, 51, 52, 55, 56, 57, 58, 59, 60, 61, 62, 65, 66, 67, 68, 69, 70, 71, 74, 75, 76, 77, 80, 81, 82, 83, 84, 85, 86, 87, 88, 89, 90, 91, 94, 95, 96, 97, 98, 99, 100, 101, 102, 103, 104, 105, 106, 107, 108, 109, 110, 113, 114, 115, 116, 117, 118, 119, 122, 123, 124, 125, 126, 127, 128, 131, 132, 133, 134, 135, 136, 137, 138, 141, 142, 143, 144, 145, 146, 147, 148, 149, 150, 151, 152, 153, 154, 155, 156, 157, 158, 159, 162, 163, 164, 165, 166, 167, 170, 171, 172, 173], "summary": {"covered_lines": 137, "num_statements": 137, "percent_covered": 100.0, "percent_covered_display": "100", "missing_lines": 0, "excluded_lines": 0}, "missing_lines": [], "excluded_lines": [], "functions": {"ItemId.__eq__": {"executed_lines": [19], "summary": {"covered_lines": 1, "num_statements": 1, "percent_covered": 100.0, "percent_covered_display": "100", "missing_lines": 0, "excluded_lines": 0}, "missing_lines": [], "excluded_lines": []}, "": {"executed_lines": [1, 2, 3, 4, 6, 9, 10, 11, 12, 15, 16, 18, 22, 23, 24, 25, 26, 27, 30, 31, 32, 33, 34, 35, 36, 39, 40, 41, 42, 43, 44, 47, 48, 49, 50, 51, 52, 55, 56, 57, 58, 59, 60, 61, 62, 65, 66, 67, 68, 69, 70, 71, 74, 75, 76, 77, 80, 81, 82, 83, 84, 85, 86, 87, 88, 89, 90, 91, 94, 95, 96, 97, 98, 99, 100, 101, 102, 103, 104, 105, 106, 107, 108, 109, 110, 113, 114, 115, 116, 117, 118, 119, 122, 123, 124, 125, 126, 127, 128, 131, 132, 133, 134, 135, 136, 137, 138, 141, 142, 143, 144, 145, 146, 147, 148, 149, 150, 151, 152, 153, 154, 155, 156, 157, 158, 159, 162, 163, 164, 165, 166, 167, 170, 171, 172, 173], "summary": {"covered_lines": 136, "num_statements": 136, "percent_covered": 100.0, "percent_covered_display": "100", "missing_lines": 0, "excluded_lines": 0}, "missing_lines": [], "excluded_lines": []}}, "classes": {"Pagination": {"executed_lines": [], "summary": {"covered_lines": 0, "num_statements": 0, "percent_covered": 100.0, "percent_covered_display": "100", "missing_lines": 0, "excluded_lines": 0}, "missing_lines": [], "excluded_lines": []}, "ItemId": {"executed_lines": [19], "summary": {"covered_lines": 1, "num_statements": 1, "percent_covered": 100.0, "percent_covered_display": "100", "missing_lines": 0, "excluded_lines": 0}, "missing_lines": [], "excluded_lines": []}, "Item": {"executed_lines": [], "summary": {"covered_lines": 0, "num_statements": 0, "percent_covered": 100.0, "percent_covered_display": "100", "missing_lines": 0, "excluded_lines": 0}, "missing_lines": [], "excluded_lines": []}, "OrderStatus": {"executed_lines": [], "summary": {"covered_lines": 0, "num_statements": 0, "percent_covered": 100.0, "percent_covered_display": "100", "missing_lines": 0, "excluded_lines": 0}, "missing_lines": [], "excluded_lines": []}, "PaymentMethod": {"executed_lines": [], "summary": {"covered_lines": 0, "num_statements": 0, "percent_covered": 100.0, "percent_covered_display": "100", "missing_lines": 0, "excluded_lines": 0}, "missing_lines": [], "excluded_lines": []}, "ProductCategory": {"executed_lines": [], "summary": {"covered_lines": 0, "num_statements": 0, "percent_covered": 100.0, "percent_covered_display": "100", "missing_lines": 0, "excluded_lines": 0}, "missing_lines": [], "excluded_lines": []}, "ProductVariant": {"executed_lines": [], "summary": {"covered_lines": 0, "num_statements": 0, "percent_covered": 100.0, "percent_covered_display": "100", "missing_lines": 0, "excluded_lines": 0}, "missing_lines": [], "excluded_lines": []}, "Address": {"executed_lines": [], "summary": {"covered_lines": 0, "num_statements": 0, "percent_covered": 100.0, "percent_covered_display": "100", "missing_lines": 0, "excluded_lines": 0}, "missing_lines": [], "excluded_lines": []}, "CustomerTier": {"executed_lines": [], "summary": {"covered_lines": 0, "num_statements": 0, "percent_covered": 100.0, "percent_covered_display": "100", "missing_lines": 0, "excluded_lines": 0}, "missing_lines": [], "excluded_lines": []}, "Customer": {"executed_lines": [], "summary": {"covered_lines": 0, "num_statements": 0, "percent_covered": 100.0, "percent_covered_display": "100", "missing_lines": 0, "excluded_lines": 0}, "missing_lines": [], "excluded_lines": []}, "Product": {"executed_lines": [], "summary": {"covered_lines": 0, "num_statements": 0, "percent_covered": 100.0, "percent_covered_display": "100", "missing_lines": 0, "excluded_lines": 0}, "missing_lines": [], "excluded_lines": []}, "OrderItem": {"executed_lines": [], "summary": {"covered_lines": 0, "num_statements": 0, "percent_covered": 100.0, "percent_covered_display": "100", "missing_lines": 0, "excluded_lines": 0}, "missing_lines": [], "excluded_lines": []}, "PaymentDetails": {"executed_lines": [], "summary": {"covered_lines": 0, "num_statements": 0, "percent_covered": 100.0, "percent_covered_display": "100", "missing_lines": 0, "excluded_lines": 0}, "missing_lines": [], "excluded_lines": []}, "OrderRequest": {"executed_lines": [], "summary": {"covered_lines": 0, "num_statements": 0, "percent_covered": 100.0, "percent_covered_display": "100", "missing_lines": 0, "excluded_lines": 0}, "missing_lines": [], "excluded_lines": []}, "OrderResponse": {"executed_lines": [], "summary": {"covered_lines": 0, "num_statements": 0, "percent_covered": 100.0, "percent_covered_display": "100", "missing_lines": 0, "excluded_lines": 0}, "missing_lines": [], "excluded_lines": []}, "PaginatedResponse": {"executed_lines": [], "summary": {"covered_lines": 0, "num_statements": 0, "percent_covered": 100.0, "percent_covered_display": "100", "missing_lines": 0, "excluded_lines": 0}, "missing_lines": [], "excluded_lines": []}, "ErrorResponse": {"executed_lines": [], "summary": {"covered_lines": 0, "num_statements": 0, "percent_covered": 100.0, "percent_covered_display": "100", "missing_lines": 0, "excluded_lines": 0}, "missing_lines": [], "excluded_lines": []}, "": {"executed_lines": [1, 2, 3, 4, 6, 9, 10, 11, 12, 15, 16, 18, 22, 23, 24, 25, 26, 27, 30, 31, 32, 33, 34, 35, 36, 39, 40, 41, 42, 43, 44, 47, 48, 49, 50, 51, 52, 55, 56, 57, 58, 59, 60, 61, 62, 65, 66, 67, 68, 69, 70, 71, 74, 75, 76, 77, 80, 81, 82, 83, 84, 85, 86, 87, 88, 89, 90, 91, 94, 95, 96, 97, 98, 99, 100, 101, 102, 103, 104, 105, 106, 107, 108, 109, 110, 113, 114, 115, 116, 117, 118, 119, 122, 123, 124, 125, 126, 127, 128, 131, 132, 133, 134, 135, 136, 137, 138, 141, 142, 143, 144, 145, 146, 147, 148, 149, 150, 151, 152, 153, 154, 155, 156, 157, 158, 159, 162, 163, 164, 165, 166, 167, 170, 171, 172, 173], "summary": {"covered_lines": 136, "num_statements": 136, "percent_covered": 100.0, "percent_covered_display": "100", "missing_lines": 0, "excluded_lines": 0}, "missing_lines": [], "excluded_lines": []}}}, "tests/test_basic_functionality.py": {"executed_lines": [1, 2, 3, 5, 8, 10, 15, 16, 17, 18, 19, 20, 23, 24, 25, 28, 30, 33, 34, 37, 41, 42, 45, 52, 54, 57, 60], "summary": {"covered_lines": 27, "num_statements": 27, "percent_covered": 100.0, "percent_covered_display": "100", "missing_lines": 0, "excluded_lines": 0}, "missing_lines": [], "excluded_lines": [], "functions": {"test_create_mcp_server": {"executed_lines": [10, 15, 16, 17, 18, 19, 20, 23, 24, 25], "summary": {"covered_lines": 10, "num_statements": 10, "percent_covered": 100.0, "percent_covered_display": "100", "missing_lines": 0, "excluded_lines": 0}, "missing_lines": [], "excluded_lines": []}, "test_default_values": {"executed_lines": [30, 33, 34, 37, 41, 42], "summary": {"covered_lines": 6, "num_statements": 6, "percent_covered": 100.0, "percent_covered_display": "100", "missing_lines": 0, "excluded_lines": 0}, "missing_lines": [], "excluded_lines": []}, "test_normalize_paths": {"executed_lines": [54, 57, 60], "summary": {"covered_lines": 3, "num_statements": 3, "percent_covered": 100.0, "percent_covered_display": "100", "missing_lines": 0, "excluded_lines": 0}, "missing_lines": [], "excluded_lines": []}, "": {"executed_lines": [1, 2, 3, 5, 8, 28, 45, 52], "summary": {"covered_lines": 8, "num_statements": 8, "percent_covered": 100.0, "percent_covered_display": "100", "missing_lines": 0, "excluded_lines": 0}, "missing_lines": [], "excluded_lines": []}}, "classes": {"": {"executed_lines": [1, 2, 3, 5, 8, 10, 15, 16, 17, 18, 19, 20, 23, 24, 25, 28, 30, 33, 34, 37, 41, 42, 45, 52, 54, 57, 60], "summary": {"covered_lines": 27, "num_statements": 27, "percent_covered": 100.0, "percent_covered_display": "100", "missing_lines": 0, "excluded_lines": 0}, "missing_lines": [], "excluded_lines": []}}}, "tests/test_mcp_simple_app.py": {"executed_lines": [1, 3, 4, 5, 6, 7, 9, 10, 12, 15, 16, 17, 23, 24, 27, 28, 30, 31, 33, 35, 36, 37, 38, 41, 42, 43, 44, 46, 47, 49, 50, 51, 53, 54, 55, 56, 59, 60, 61, 62, 64, 65, 67, 68, 69, 71, 72, 73, 74, 77, 78, 79, 80, 82, 83, 85, 86, 89, 90, 91, 92, 94, 95, 97, 98, 99, 102, 103, 104, 112, 113, 115, 116, 118, 119, 121, 122, 123, 124, 127, 128, 129, 130, 132, 133, 135, 136, 137, 140, 141, 142, 145, 146, 147, 148, 150, 151, 153, 154, 155, 158, 159, 160, 163, 164, 165, 166, 168, 169, 171, 172, 173, 176, 177, 178, 187, 188, 190, 191, 193, 194, 196, 197, 198, 199, 200, 203, 204, 205, 206, 208, 210, 211, 216, 217, 218, 219, 221, 222, 224, 225, 226, 228, 229, 230, 231, 232], "summary": {"covered_lines": 147, "num_statements": 147, "percent_covered": 100.0, "percent_covered_display": "100", "missing_lines": 0, "excluded_lines": 0}, "missing_lines": [], "excluded_lines": [], "functions": {"lowlevel_server_simple_app": {"executed_lines": [17, 23, 24], "summary": {"covered_lines": 3, "num_statements": 3, "percent_covered": 100.0, "percent_covered_display": "100", "missing_lines": 0, "excluded_lines": 0}, "missing_lines": [], "excluded_lines": []}, "test_list_tools": {"executed_lines": [30, 31, 33, 35, 36, 37, 38], "summary": {"covered_lines": 7, "num_statements": 7, "percent_covered": 100.0, "percent_covered_display": "100", "missing_lines": 0, "excluded_lines": 0}, "missing_lines": [], "excluded_lines": []}, "test_call_tool_get_item_1": {"executed_lines": [43, 44, 46, 47, 49, 50, 51, 53, 54, 55, 56], "summary": {"covered_lines": 11, "num_statements": 11, "percent_covered": 100.0, "percent_covered_display": "100", "missing_lines": 0, "excluded_lines": 0}, "missing_lines": [], "excluded_lines": []}, "test_call_tool_get_item_2": {"executed_lines": [61, 62, 64, 65, 67, 68, 69, 71, 72, 73, 74], "summary": {"covered_lines": 11, "num_statements": 11, "percent_covered": 100.0, "percent_covered_display": "100", "missing_lines": 0, "excluded_lines": 0}, "missing_lines": [], "excluded_lines": []}, "test_call_tool_raise_error": {"executed_lines": [79, 80, 82, 83, 85, 86], "summary": {"covered_lines": 6, "num_statements": 6, "percent_covered": 100.0, "percent_covered_display": "100", "missing_lines": 0, "excluded_lines": 0}, "missing_lines": [], "excluded_lines": []}, "test_error_handling": {"executed_lines": [91, 92, 94, 95, 97, 98, 99], "summary": {"covered_lines": 7, "num_statements": 7, "percent_covered": 100.0, "percent_covered_display": "100", "missing_lines": 0, "excluded_lines": 0}, "missing_lines": [], "excluded_lines": []}, "test_complex_tool_arguments": {"executed_lines": [104, 112, 113, 115, 116, 118, 119, 121, 122, 123, 124], "summary": {"covered_lines": 11, "num_statements": 11, "percent_covered": 100.0, "percent_covered_display": "100", "missing_lines": 0, "excluded_lines": 0}, "missing_lines": [], "excluded_lines": []}, "test_call_tool_list_items_default": {"executed_lines": [129, 130, 132, 133, 135, 136, 137, 140, 141, 142], "summary": {"covered_lines": 10, "num_statements": 10, "percent_covered": 100.0, "percent_covered_display": "100", "missing_lines": 0, "excluded_lines": 0}, "missing_lines": [], "excluded_lines": []}, "test_call_tool_list_items_with_pagination": {"executed_lines": [147, 148, 150, 151, 153, 154, 155, 158, 159, 160], "summary": {"covered_lines": 10, "num_statements": 10, "percent_covered": 100.0, "percent_covered_display": "100", "missing_lines": 0, "excluded_lines": 0}, "missing_lines": [], "excluded_lines": []}, "test_call_tool_get_item_not_found": {"executed_lines": [165, 166, 168, 169, 171, 172, 173], "summary": {"covered_lines": 7, "num_statements": 7, "percent_covered": 100.0, "percent_covered_display": "100", "missing_lines": 0, "excluded_lines": 0}, "missing_lines": [], "excluded_lines": []}, "test_call_tool_update_item": {"executed_lines": [178, 187, 188, 190, 191, 193, 194, 196, 197, 198, 199, 200], "summary": {"covered_lines": 12, "num_statements": 12, "percent_covered": 100.0, "percent_covered_display": "100", "missing_lines": 0, "excluded_lines": 0}, "missing_lines": [], "excluded_lines": []}, "test_call_tool_delete_item": {"executed_lines": [205, 206, 208, 210, 211], "summary": {"covered_lines": 5, "num_statements": 5, "percent_covered": 100.0, "percent_covered_display": "100", "missing_lines": 0, "excluded_lines": 0}, "missing_lines": [], "excluded_lines": []}, "test_call_tool_get_item_with_details": {"executed_lines": [218, 219, 221, 222, 224, 225, 226, 228, 229, 230, 231, 232], "summary": {"covered_lines": 12, "num_statements": 12, "percent_covered": 100.0, "percent_covered_display": "100", "missing_lines": 0, "excluded_lines": 0}, "missing_lines": [], "excluded_lines": []}, "": {"executed_lines": [1, 3, 4, 5, 6, 7, 9, 10, 12, 15, 16, 27, 28, 41, 42, 59, 60, 77, 78, 89, 90, 102, 103, 127, 128, 145, 146, 163, 164, 176, 177, 203, 204, 216, 217], "summary": {"covered_lines": 35, "num_statements": 35, "percent_covered": 100.0, "percent_covered_display": "100", "missing_lines": 0, "excluded_lines": 0}, "missing_lines": [], "excluded_lines": []}}, "classes": {"": {"executed_lines": [1, 3, 4, 5, 6, 7, 9, 10, 12, 15, 16, 17, 23, 24, 27, 28, 30, 31, 33, 35, 36, 37, 38, 41, 42, 43, 44, 46, 47, 49, 50, 51, 53, 54, 55, 56, 59, 60, 61, 62, 64, 65, 67, 68, 69, 71, 72, 73, 74, 77, 78, 79, 80, 82, 83, 85, 86, 89, 90, 91, 92, 94, 95, 97, 98, 99, 102, 103, 104, 112, 113, 115, 116, 118, 119, 121, 122, 123, 124, 127, 128, 129, 130, 132, 133, 135, 136, 137, 140, 141, 142, 145, 146, 147, 148, 150, 151, 153, 154, 155, 158, 159, 160, 163, 164, 165, 166, 168, 169, 171, 172, 173, 176, 177, 178, 187, 188, 190, 191, 193, 194, 196, 197, 198, 199, 200, 203, 204, 205, 206, 208, 210, 211, 216, 217, 218, 219, 221, 222, 224, 225, 226, 228, 229, 230, 231, 232], "summary": {"covered_lines": 147, "num_statements": 147, "percent_covered": 100.0, "percent_covered_display": "100", "missing_lines": 0, "excluded_lines": 0}, "missing_lines": [], "excluded_lines": []}}}, "tests/test_openapi_generation.py": {"executed_lines": [1, 2, 3, 5, 6, 13, 14, 16, 18, 19, 21, 22, 23, 25, 26, 27, 28, 29, 32, 33, 45, 47, 48, 49, 51, 52, 53, 54, 55, 56, 57, 59, 60, 62, 63, 64, 65, 67], "summary": {"covered_lines": 38, "num_statements": 38, "percent_covered": 100.0, "percent_covered_display": "100", "missing_lines": 0, "excluded_lines": 0}, "missing_lines": [], "excluded_lines": [], "functions": {"test_simple_app_conversion": {"executed_lines": [14, 16, 18, 19, 21, 22, 23, 25, 26, 27, 28, 29], "summary": {"covered_lines": 12, "num_statements": 12, "percent_covered": 100.0, "percent_covered_display": "100", "missing_lines": 0, "excluded_lines": 0}, "missing_lines": [], "excluded_lines": []}, "test_schema_utils": {"executed_lines": [33, 45, 47, 48, 49, 51, 52, 53, 54, 55, 56, 57, 59, 60, 62, 63, 64, 65, 67], "summary": {"covered_lines": 19, "num_statements": 19, "percent_covered": 100.0, "percent_covered_display": "100", "missing_lines": 0, "excluded_lines": 0}, "missing_lines": [], "excluded_lines": []}, "": {"executed_lines": [1, 2, 3, 5, 6, 13, 32], "summary": {"covered_lines": 7, "num_statements": 7, "percent_covered": 100.0, "percent_covered_display": "100", "missing_lines": 0, "excluded_lines": 0}, "missing_lines": [], "excluded_lines": []}}, "classes": {"": {"executed_lines": [1, 2, 3, 5, 6, 13, 14, 16, 18, 19, 21, 22, 23, 25, 26, 27, 28, 29, 32, 33, 45, 47, 48, 49, 51, 52, 53, 54, 55, 56, 57, 59, 60, 62, 63, 64, 65, 67], "summary": {"covered_lines": 38, "num_statements": 38, "percent_covered": 100.0, "percent_covered_display": "100", "missing_lines": 0, "excluded_lines": 0}, "missing_lines": [], "excluded_lines": []}}}, "tests/test_sse_transport.py": {"executed_lines": [1, 3, 4, 5, 6, 7, 9, 10, 13, 14, 16, 19, 20, 23, 24, 26, 29, 30, 31, 32, 33, 38, 41, 42, 45, 46, 47, 48, 49, 53, 56, 72, 75, 76, 78], "summary": {"covered_lines": 35, "num_statements": 45, "percent_covered": 77.77777777777777, "percent_covered_display": "78", "missing_lines": 10, "excluded_lines": 0}, "missing_lines": [35, 51, 79, 80, 81, 82, 83, 84, 86, 87], "excluded_lines": [], "functions": {"ninja_app_with_sse": {"executed_lines": [16, 19, 20], "summary": {"covered_lines": 3, "num_statements": 3, "percent_covered": 100.0, "percent_covered_display": "100", "missing_lines": 0, "excluded_lines": 0}, "missing_lines": [], "excluded_lines": []}, "test_sse_connection_establishment": {"executed_lines": [26, 29, 30, 31, 32, 33, 38], "summary": {"covered_lines": 7, "num_statements": 8, "percent_covered": 87.5, "percent_covered_display": "88", "missing_lines": 1, "excluded_lines": 0}, "missing_lines": [35], "excluded_lines": []}, "test_message_sending": {"executed_lines": [45, 46, 47, 48, 49, 53, 56, 72], "summary": {"covered_lines": 8, "num_statements": 9, "percent_covered": 88.88888888888889, "percent_covered_display": "89", "missing_lines": 1, "excluded_lines": 0}, "missing_lines": [51], "excluded_lines": []}, "test_sse_connection": {"executed_lines": [78], "summary": {"covered_lines": 1, "num_statements": 9, "percent_covered": 11.11111111111111, "percent_covered_display": "11", "missing_lines": 8, "excluded_lines": 0}, "missing_lines": [79, 80, 81, 82, 83, 84, 86, 87], "excluded_lines": []}, "": {"executed_lines": [1, 3, 4, 5, 6, 7, 9, 10, 13, 14, 23, 24, 41, 42, 75, 76], "summary": {"covered_lines": 16, "num_statements": 16, "percent_covered": 100.0, "percent_covered_display": "100", "missing_lines": 0, "excluded_lines": 0}, "missing_lines": [], "excluded_lines": []}}, "classes": {"": {"executed_lines": [1, 3, 4, 5, 6, 7, 9, 10, 13, 14, 16, 19, 20, 23, 24, 26, 29, 30, 31, 32, 33, 38, 41, 42, 45, 46, 47, 48, 49, 53, 56, 72, 75, 76, 78], "summary": {"covered_lines": 35, "num_statements": 45, "percent_covered": 77.77777777777777, "percent_covered_display": "78", "missing_lines": 10, "excluded_lines": 0}, "missing_lines": [35, 51, 79, 80, 81, 82, 83, 84, 86, 87], "excluded_lines": []}}}}, "totals": {"covered_lines": 918, "num_statements": 1060, "percent_covered": 86.60377358490567, "percent_covered_display": "87", "missing_lines": 142, "excluded_lines": 0}}